
*** Running vivado
    with args -log main_function_tb.vds -m64 -product Vivado -mode batch -messageDb vivado.pb -notrace -source main_function_tb.tcl



****** Vivado v2020.2 (64-bit)
  **** SW Build 3064766 on Wed Nov 18 09:12:45 MST 2020
  **** IP Build 3064653 on Wed Nov 18 14:17:31 MST 2020
    ** Copyright 1986-2020 Xilinx, Inc. All Rights Reserved.

source main_function_tb.tcl -notrace
Command: synth_design -top main_function_tb -part xc7a100tcsg324-1
Starting synth_design
Attempting to get a license for feature 'Synthesis' and/or device 'xc7a100t'
INFO: [Common 17-349] Got license for feature 'Synthesis' and/or device 'xc7a100t'
INFO: [Synth 8-7079] Multithreading enabled for synth_design using a maximum of 2 processes.
INFO: [Synth 8-7078] Launching helper process for spawning children vivado processes
INFO: [Synth 8-7075] Helper process launched with PID 14224
---------------------------------------------------------------------------------
Starting Synthesize : Time (s): cpu = 00:00:04 ; elapsed = 00:00:04 . Memory (MB): peak = 1162.738 ; gain = 0.000
---------------------------------------------------------------------------------
INFO: [Synth 8-6157] synthesizing module 'main_function_tb' [D:/Banan/ITMO/3/shemotehnika/lab2/main_function_tb.v:4]
ERROR: [Synth 8-3380] loop condition does not converge after 2000 iterations [D:/Banan/ITMO/3/shemotehnika/lab2/main_function_tb.v:29]
ERROR: [Synth 8-6156] failed synthesizing module 'main_function_tb' [D:/Banan/ITMO/3/shemotehnika/lab2/main_function_tb.v:4]
---------------------------------------------------------------------------------
Finished Synthesize : Time (s): cpu = 00:00:38 ; elapsed = 00:00:40 . Memory (MB): peak = 3509.258 ; gain = 2346.520
---------------------------------------------------------------------------------
synthesize failed
INFO: [Common 17-83] Releasing license: Synthesis
6 Infos, 0 Warnings, 0 Critical Warnings and 3 Errors encountered.
synth_design failed
ERROR: [Common 17-69] Command failed: Vivado Synthesis failed
INFO: [Common 17-206] Exiting Vivado at Thu Apr 15 12:31:18 2021...
